2025/07/15 00:22:36 Migrating database
2025/07/15 00:22:36 Connected to './db/database.db'
2025/07/15 00:22:36 Creating 'user' tables
2025/07/15 00:22:36 Creating 'password' tables
2025/07/15 00:22:36 All tables created
2025/07/15 00:22:36 Inserting default user
2025/07/15 00:22:36 Migration finished
2025/07/15 00:26:00 Migrating database
2025/07/15 00:26:00 Connected to './db/database.db'
2025/07/15 00:26:00 Creating 'user' tables
2025/07/15 00:26:00 Creating 'password' tables
2025/07/15 00:26:00 All tables created
2025/07/15 00:26:00 Inserting default user
2025/07/15 00:26:00 Migration finished
2025/07/15 00:36:57 Migrating database
2025/07/15 00:36:57 Connected to './db/database.db'
2025/07/15 00:36:57 Creating 'user' tables
2025/07/15 00:36:57 Creating 'password' tables
2025/07/15 00:36:57 All tables created
2025/07/15 00:36:57 Inserting default user
2025/07/15 00:36:57 Migration finished
2025/07/15 00:37:55 Migrating database
2025/07/15 00:37:55 Connected to './db/database.db'
2025/07/15 00:37:55 Creating 'user' tables
2025/07/15 00:37:55 Creating 'password' tables
2025/07/15 00:37:55 All tables created
2025/07/15 00:37:55 Inserting default user
2025/07/15 00:37:55 Migration finished
2025/07/15 00:37:55 Connected to './db/database.db'
2025/07/15 00:37:55 Could not retrieve user with email 'normananton03@gmail.com'
2025/07/15 00:41:54 Migrating database
2025/07/15 00:41:54 Connected to './db/database.db'
2025/07/15 00:41:54 Creating 'user' tables
2025/07/15 00:41:54 Creating 'password' tables
2025/07/15 00:41:54 All tables created
2025/07/15 00:41:54 Inserting default user
2025/07/15 00:41:54 Migration finished
2025/07/15 00:41:54 Connected to './db/database.db'
2025/07/15 00:42:33 Migrating database
2025/07/15 00:42:33 Connected to './db/database.db'
2025/07/15 00:42:33 Creating 'user' tables
2025/07/15 00:42:33 Creating 'password' tables
2025/07/15 00:42:33 All tables created
2025/07/15 00:42:33 Inserting default user
2025/07/15 00:42:33 Migration finished
2025/07/15 00:42:33 Connected to './db/database.db'
2025/07/15 00:43:06 Migrating database
2025/07/15 00:43:06 Connected to './db/database.db'
2025/07/15 00:43:06 Creating 'user' tables
2025/07/15 00:43:06 Creating 'password' tables
2025/07/15 00:43:06 All tables created
2025/07/15 00:43:06 Inserting default user
2025/07/15 00:43:06 Migration finished
2025/07/15 00:43:06 Connected to './db/database.db'
2025/07/15 00:46:42 Migrating database
2025/07/15 00:46:42 Connected to './db/database.db'
2025/07/15 00:46:42 Creating 'user' tables
2025/07/15 00:46:42 Creating 'password' tables
2025/07/15 00:46:42 All tables created
2025/07/15 00:46:42 Inserting default user
2025/07/15 00:46:42 Migration finished
2025/07/15 00:46:42 Connected to './db/database.db'
2025/07/15 00:54:55 Migrating database
2025/07/15 00:54:55 Connected to './db/database.db'
2025/07/15 00:54:55 Creating 'user' tables
2025/07/15 00:54:55 Creating 'password' tables
2025/07/15 00:54:55 All tables created
2025/07/15 00:54:55 Inserting default user
2025/07/15 00:54:55 Migration finished
2025/07/15 00:54:55 Connected to './db/database.db'
2025/07/15 00:55:03 Migrating database
2025/07/15 00:55:03 Connected to './db/database.db'
2025/07/15 00:55:03 Creating 'user' tables
2025/07/15 00:55:03 Creating 'password' tables
2025/07/15 00:55:03 All tables created
2025/07/15 00:55:03 Inserting default user
2025/07/15 00:55:03 Migration finished
2025/07/15 00:55:03 Connected to './db/database.db'
2025/07/15 00:59:59 Migrating database
2025/07/15 00:59:59 Connected to './db/database.db'
2025/07/15 00:59:59 Creating 'user' tables
2025/07/15 00:59:59 Creating 'password' tables
2025/07/15 00:59:59 All tables created
2025/07/15 00:59:59 Inserting default user
2025/07/15 00:59:59 Migration finished
2025/07/15 00:59:59 Connected to './db/database.db'
2025/07/15 01:00:32 Connected to './db/database.db'
2025/07/15 12:16:56 Connected to './db/database.db'
2025/07/15 12:17:27 Connected to './db/database.db'
2025/07/15 12:18:00 Connected to './db/database.db'
2025/07/15 12:21:37 Connected to './db/database.db'
2025/07/15 12:23:55 Connected to './db/database.db'
2025/07/15 12:24:03 Connected to './db/database.db'
2025/07/15 12:25:12 Connected to './db/database.db'
2025/07/15 12:26:28 Connected to './db/database.db'
2025/07/15 12:29:55 Migrating database
2025/07/15 12:29:55 Connected to './db/database.db'
2025/07/15 12:29:55 Creating 'user' tables
2025/07/15 12:29:55 Creating 'password' tables
2025/07/15 12:29:55 All tables created
2025/07/15 12:29:55 Inserting default user
2025/07/15 12:29:55 Migration finished
2025/07/15 12:29:55 Connected to './db/database.db'
2025/07/15 12:30:09 Connected to './db/database.db'
2025/07/15 12:30:15 Connected to './db/database.db'
2025/07/15 12:30:15 http: superfluous response.WriteHeader call from main.(*LoginHandler).ServeHTTP (handlers.go:98)
2025/07/15 12:30:36 Connected to './db/database.db'
2025/07/15 12:30:39 Connected to './db/database.db'
2025/07/15 12:59:00 Migrating database
2025/07/15 12:59:00 Connected to './db/database.db'
2025/07/15 12:59:00 Creating 'user' tables
2025/07/15 12:59:00 Creating 'password' tables
2025/07/15 12:59:00 All tables created
2025/07/15 12:59:00 Inserting default user
2025/07/15 12:59:00 Migration finished
2025/07/15 12:59:00 Connected to './db/database.db'
2025/07/15 13:01:01 Migrating database
2025/07/15 13:01:01 Connected to './db/database.db'
2025/07/15 13:01:01 Creating 'user' tables
2025/07/15 13:01:01 Creating 'password' tables
2025/07/15 13:01:01 All tables created
2025/07/15 13:01:01 Inserting default user
2025/07/15 13:01:01 Migration finished
2025/07/15 13:01:01 Connected to './db/database.db'
2025/07/15 13:10:05 Migrating database
2025/07/15 13:10:05 Connected to './db/database.db'
2025/07/15 13:10:05 Creating 'user' tables
2025/07/15 13:10:05 Creating 'password' tables
2025/07/15 13:10:05 All tables created
2025/07/15 13:10:05 Inserting default user
2025/07/15 13:10:05 Migration finished
2025/07/15 13:10:05 Connected to './db/database.db'
2025/07/15 13:10:29 Migrating database
2025/07/15 13:10:29 Connected to './db/database.db'
2025/07/15 13:10:29 Creating 'user' tables
2025/07/15 13:10:29 Creating 'password' tables
2025/07/15 13:10:29 All tables created
2025/07/15 13:10:29 Inserting default user
2025/07/15 13:10:29 Migration finished
2025/07/15 13:10:29 Connected to './db/database.db'
2025/07/15 13:11:47 Connected to './db/database.db'
2025/07/15 13:11:47 Connected to './db/database.db'
2025/07/15 13:11:47 Could not connect to './db/database.db'
2025/07/15 13:11:53 Connected to './db/database.db'
2025/07/15 13:11:53 Connected to './db/database.db'
2025/07/15 13:11:53 Could not connect to './db/database.db'
2025/07/15 13:13:10 Connected to './db/database.db'
2025/07/15 13:13:10 Connected to './db/database.db'
2025/07/15 13:13:10 Updated AUTH on 'normananton03@gmail.com'
2025/07/15 13:13:10 Connected to './db/database.db'
2025/07/15 13:15:06 Connected to './db/database.db'
2025/07/15 13:15:06 Connected to './db/database.db'
2025/07/15 13:15:06 Updated AUTH on 'normananton03@gmail.com'
2025/07/15 13:15:06 Connected to './db/database.db'
2025/07/15 13:15:38 Connected to './db/database.db'
2025/07/15 13:15:38 Connected to './db/database.db'
2025/07/15 13:15:38 Updated AUTH on 'normananton03@gmail.com'
2025/07/15 13:15:38 Connected to './db/database.db'
2025/07/15 13:21:31 Connected to './db/database.db'
2025/07/15 13:21:31 Connected to './db/database.db'
2025/07/15 13:21:31 Updated AUTH on 'normananton03@gmail.com'
2025/07/15 13:21:31 Connected to './db/database.db'
2025/07/15 13:21:54 Connected to './db/database.db'
2025/07/15 13:22:02 Connected to './db/database.db'
2025/07/15 13:29:33 Connected to './db/database.db'
2025/07/15 13:30:25 Migrating database
2025/07/15 13:30:25 Connected to './db/database.db'
2025/07/15 13:30:25 Creating 'user' tables
2025/07/15 13:30:25 Creating 'password' tables
2025/07/15 13:30:25 All tables created
2025/07/15 13:30:25 Inserting default user
2025/07/15 13:30:25 Migration finished
2025/07/15 13:30:25 Connected to './db/database.db'
2025/07/15 15:02:33 Connected to './db/database.db'
2025/07/15 15:02:44 Connected to './db/database.db'
2025/07/15 15:02:44 Connected to './db/database.db'
2025/07/15 15:02:44 Updated AUTH on 'normananton03@gmail.com'
2025/07/15 15:02:44 Connected to './db/database.db'
2025/07/15 15:03:26 Connected to './db/database.db'
2025/07/15 15:03:26 Could not retrieve user with auth_token 'e4a546d9-cbde-4b78-b255-cd616a51970d'
2025/07/15 15:04:21 Connected to './db/database.db'
2025/07/15 15:04:21 Connected to './db/database.db'
2025/07/15 15:04:21 Updated AUTH on 'normananton03@gmail.com'
2025/07/15 15:04:21 Connected to './db/database.db'
2025/07/15 15:07:26 Connected to './db/database.db'
2025/07/15 15:07:59 Connected to './db/database.db'
2025/07/15 15:07:59 Connected to './db/database.db'
2025/07/15 15:07:59 Updated AUTH on 'normananton03@gmail.com'
2025/07/15 15:07:59 Connected to './db/database.db'
2025/07/15 15:08:19 Connected to './db/database.db'
2025/07/15 15:08:19 auth_token not valid
2025/07/15 15:17:04 Connected to './db/database.db'
2025/07/15 15:17:04 auth_token not valid
2025/07/15 15:17:10 Connected to './db/database.db'
2025/07/15 15:17:10 Connected to './db/database.db'
2025/07/15 15:17:10 Updated AUTH on 'normananton03@gmail.com'
2025/07/15 15:17:29 Connected to './db/database.db'
2025/07/15 15:18:40 Connected to './db/database.db'
2025/07/15 15:18:40 Connected to './db/database.db'
2025/07/15 15:18:40 Updated AUTH on 'normananton03@gmail.com'
2025/07/15 15:18:49 Connected to './db/database.db'
2025/07/15 15:22:19 Connected to './db/database.db'
2025/07/15 15:22:19 Connected to './db/database.db'
2025/07/15 15:22:19 Updated AUTH on 'normananton03@gmail.com'
2025/07/15 18:06:28 Connected to './db/database.db'
2025/07/15 18:06:28 auth_token not valid
2025/07/15 18:06:40 Connected to './db/database.db'
2025/07/15 18:07:19 Connected to './db/database.db'
2025/07/15 18:07:19 Removed AUTH token on 'normananton032gmail.com'
2025/07/15 18:07:24 Connected to './db/database.db'
2025/07/15 18:07:25 Connected to './db/database.db'
2025/07/15 18:07:27 Connected to './db/database.db'
2025/07/15 18:07:27 Removed AUTH token on 'normananton032gmail.com'
2025/07/15 18:07:50 Connected to './db/database.db'
2025/07/15 18:07:50 Removed AUTH token on 'normananton03@gmail.com'
2025/07/15 18:07:52 Connected to './db/database.db'
2025/07/15 18:07:52 auth_token not valid
2025/07/15 18:07:59 Connected to './db/database.db'
2025/07/15 18:07:59 Removed AUTH token on 'normananton03@gmail.co'
2025/07/15 18:10:14 Connected to './db/database.db'
2025/07/15 18:10:14 Removed AUTH token on 'normananton03@gmail.co'
2025/07/15 18:10:16 Connected to './db/database.db'
2025/07/15 18:10:16 Removed AUTH token on 'normananton03@gmail.co'
2025/07/15 18:13:20 Connected to './db/database.db'
2025/07/15 18:13:20 Connected to './db/database.db'
2025/07/15 18:13:20 Removed AUTH token on 'normananton03@gmail.co'
2025/07/15 18:17:44 Connected to './db/database.db'
2025/07/15 18:17:44 Connected to './db/database.db'
2025/07/15 18:17:44 auth_token not valid
2025/07/15 18:17:44 User not found
2025/07/15 18:21:53 Connected to './db/database.db'
2025/07/15 18:21:53 auth_token not valid
2025/07/15 18:28:09 Connected to './db/database.db'
2025/07/15 18:28:09 auth_token not valid
2025/07/15 18:28:16 Connected to './db/database.db'
2025/07/15 18:28:16 Connected to './db/database.db'
2025/07/15 18:28:16 auth_token not valid
2025/07/15 18:28:16 User not found
2025/07/15 18:28:33 Connected to './db/database.db'
2025/07/15 18:28:33 Connected to './db/database.db'
2025/07/15 18:28:33 Updated AUTH on 'normananton03@gmail.com'
2025/07/15 18:29:00 Connected to './db/database.db'
2025/07/15 18:29:15 Connected to './db/database.db'
2025/07/15 18:29:15 Connected to './db/database.db'
2025/07/15 18:29:15 Removed AUTH token on '533c4a9f-80c5-4dd8-9ba5-9c1cdd4ee95028403b96-3da0-41e4-91a1-374fa62d92ad'
2025/07/15 18:29:19 Connected to './db/database.db'
2025/07/15 18:29:19 auth_token not valid
2025/07/15 18:29:49 Connected to './db/database.db'
2025/07/15 18:29:49 auth_token not valid
2025/07/15 18:29:54 Connected to './db/database.db'
2025/07/15 18:29:54 Connected to './db/database.db'
2025/07/15 18:29:54 auth_token not valid
2025/07/15 18:29:54 User not found
2025/07/15 18:30:49 Connected to './db/database.db'
2025/07/15 18:30:49 Connected to './db/database.db'
2025/07/15 18:30:49 auth_token not valid
2025/07/15 18:30:49 User not found
2025/07/15 18:31:10 Connected to './db/database.db'
2025/07/15 18:31:10 Connected to './db/database.db'
2025/07/15 18:31:10 auth_token not valid
2025/07/15 18:31:10 User not found
2025/07/15 18:31:38 Connected to './db/database.db'
2025/07/15 18:31:38 Connected to './db/database.db'
2025/07/15 18:31:38 auth_token not valid
2025/07/15 18:31:38 User not found
2025/07/15 18:34:51 Connected to './db/database.db'
2025/07/15 18:34:51 Connected to './db/database.db'
2025/07/15 18:34:51 User not found
2025/07/15 18:34:51 User not found
2025/07/15 18:35:09 Connected to './db/database.db'
2025/07/15 18:35:09 Connected to './db/database.db'
2025/07/15 18:35:09 User not found
2025/07/15 18:35:09 User not found
2025/07/15 18:36:34 Connected to './db/database.db'
2025/07/15 18:36:34 Connected to './db/database.db'
2025/07/15 18:36:34 User not found
2025/07/15 18:36:34 User not found
2025/07/15 18:39:45 Connected to './db/database.db'
2025/07/15 18:39:45 Connected to './db/database.db'
2025/07/15 18:39:45 User not found
2025/07/15 18:39:45 User not found
2025/07/15 18:41:17 Connected to './db/database.db'
2025/07/15 18:41:17 Connected to './db/database.db'
2025/07/15 18:41:17 User not found(GetUserWithAuthToken)
2025/07/15 18:41:17 User not found(RemoveAuthToken)
2025/07/15 18:43:10 Connected to './db/database.db'
2025/07/15 18:43:10 Connected to './db/database.db'
2025/07/15 18:43:10 User not found(GetUserWithAuthToken)
2025/07/15 18:43:10 User not found(RemoveAuthToken)
2025/07/15 18:45:47 Connected to './db/database.db'
2025/07/15 18:45:47 User not found(GetUserWithAuthToken)
2025/07/15 18:45:47 Connected to './db/database.db'
2025/07/15 18:45:47 Connected to './db/database.db'
2025/07/15 18:45:47 User not found(GetUserWithAuthToken)
2025/07/15 18:45:47 User not found(RemoveAuthToken)
2025/07/15 18:46:03 Connected to './db/database.db'
2025/07/15 18:46:03 User not found(GetUserWithAuthToken)
2025/07/15 18:46:11 Connected to './db/database.db'
2025/07/15 18:46:11 User not found(GetUserWithEmail)
2025/07/15 18:46:27 Connected to './db/database.db'
2025/07/15 18:46:28 User not found(GetUserWithEmail)
2025/07/15 18:47:59 Connected to './db/database.db'
2025/07/15 18:47:59 Connected to './db/database.db'
2025/07/15 18:47:59 Updated AUTH on 'normananton03@gmail.com'
2025/07/15 18:48:21 Connected to './db/database.db'
2025/07/15 18:48:28 Connected to './db/database.db'
2025/07/15 18:48:28 Connected to './db/database.db'
2025/07/15 18:48:28 Connected to './db/database.db'
2025/07/15 18:48:28 Removed AUTH token on 'aad83093-cbfb-4c24-a652-ac0d19a5fa44bd7e8398-c37d-4216-a52d-c3c4e801e563'
2025/07/15 18:48:33 Connected to './db/database.db'
2025/07/15 18:48:33 User not found(GetUserWithAuthToken)
2025/07/15 18:51:05 Connected to './db/database.db'
2025/07/15 18:51:05 Connected to './db/database.db'
2025/07/15 18:51:05 Updated AUTH on 'normananton03@gmail.com'
2025/07/15 18:51:07 Connected to './db/database.db'
2025/07/15 18:51:09 Connected to './db/database.db'
2025/07/15 18:51:10 Connected to './db/database.db'
2025/07/15 18:51:10 Connected to './db/database.db'
2025/07/15 18:51:14 Connected to './db/database.db'
2025/07/15 18:51:14 User not found(GetUserWithAuthToken)
2025/07/15 18:51:59 Migrating database
2025/07/15 18:51:59 Connected to './db/database.db'
2025/07/15 18:51:59 Creating 'user' tables
2025/07/15 18:51:59 Creating 'password' tables
2025/07/15 18:51:59 All tables created
2025/07/15 18:51:59 Inserting default user
2025/07/15 18:51:59 Migration finished
2025/07/15 18:51:59 Connected to './db/database.db'
2025/07/15 18:53:59 Migrating database
2025/07/15 18:53:59 Connected to './db/database.db'
2025/07/15 18:53:59 Creating 'user' tables
2025/07/15 18:53:59 Creating 'password' tables
2025/07/15 18:53:59 All tables created
2025/07/15 18:53:59 Inserting default user
2025/07/15 18:53:59 Migration finished
2025/07/15 18:53:59 Connected to './db/database.db'
2025/07/15 18:54:25 Connected to './db/database.db'
2025/07/15 18:54:25 Connected to './db/database.db'
2025/07/15 18:54:25 Connected to './db/database.db'
2025/07/15 18:54:25 Removed AUTH token on 'normananton03@gmail.com'
2025/07/15 18:54:31 Connected to './db/database.db'
2025/07/15 18:54:31 Connected to './db/database.db'
2025/07/15 18:54:31 Updated AUTH on 'normananton03@gmail.com'
2025/07/15 18:54:33 Connected to './db/database.db'
2025/07/15 18:54:38 Connected to './db/database.db'
2025/07/15 18:54:38 Connected to './db/database.db'
2025/07/15 18:54:38 Connected to './db/database.db'
2025/07/15 18:54:38 Removed AUTH token on 'normananton03@gmail.com'
2025/07/15 18:54:42 Connected to './db/database.db'
2025/07/15 18:54:42 Connected to './db/database.db'
2025/07/15 18:54:42 Updated AUTH on 'normananton03@gmail.com'
2025/07/15 19:00:46 Connected to './db/database.db'
2025/07/15 19:00:50 Connected to './db/database.db'
2025/07/15 19:00:50 Connected to './db/database.db'
2025/07/15 19:00:50 Connected to './db/database.db'
2025/07/15 19:00:50 Removed AUTH token on 'normananton03@gmail.com'
2025/07/15 19:00:52 Connected to './db/database.db'
2025/07/15 19:00:52 Connected to './db/database.db'
2025/07/15 19:00:52 Updated AUTH on 'normananton03@gmail.com'
2025/07/15 19:01:01 Connected to './db/database.db'
2025/07/15 19:01:05 Connected to './db/database.db'
2025/07/15 19:01:07 Connected to './db/database.db'
2025/07/15 19:01:07 Connected to './db/database.db'
2025/07/15 19:01:07 Connected to './db/database.db'
2025/07/15 19:01:07 Removed AUTH token on 'normananton03@gmail.com'
2025/07/15 19:01:09 Connected to './db/database.db'
2025/07/15 19:01:09 User not found(GetUserWithAuthToken)
2025/07/15 19:25:08 Connected to './db/database.db'
2025/07/15 19:25:17 Connected to './db/database.db'
2025/07/15 19:25:22 Connected to './db/database.db'
2025/07/15 19:25:22 User not found(GetUserWithEmail)
2025/07/15 19:26:25 Connected to './db/database.db'
2025/07/15 19:26:25 User not found(GetUserWithEmail)
2025/07/15 19:26:32 Connected to './db/database.db'
2025/07/15 19:26:32 User not found(GetUserWithEmail)
2025/07/15 19:26:33 Connected to './db/database.db'
2025/07/15 19:26:33 User not found(GetUserWithEmail)
2025/07/15 19:26:37 Connected to './db/database.db'
2025/07/15 19:27:14 Connected to './db/database.db'
2025/07/15 19:27:20 Connected to './db/database.db'
2025/07/15 19:27:34 Connected to './db/database.db'
2025/07/15 19:51:56 Connected to './db/database.db'
2025/07/15 19:51:56 Connected to './db/database.db'
2025/07/15 19:51:56 Updated AUTH on 'normananton03@gmail.com'
2025/07/15 19:52:07 Connected to './db/database.db'
2025/07/15 19:52:11 Connected to './db/database.db'
2025/07/15 19:52:11 User not found(GetUserWithAuthToken)
2025/07/15 19:52:19 Connected to './db/database.db'
2025/07/15 19:52:35 Connected to './db/database.db'
2025/07/15 19:52:35 User not found(GetUserWithEmail)
2025/07/15 19:52:39 Connected to './db/database.db'
2025/07/15 20:08:16 Connected to './db/database.db'
2025/07/15 20:08:16 User not found(GetUserWithEmail)
2025/07/15 20:08:16 Connected to './db/database.db'
2025/07/15 20:08:16 Inserting new user
2025/07/15 20:08:16 Created user 'Jonn Doe' - 'mail@mail.com'
2025/07/15 20:08:16 Connected to './db/database.db'
2025/07/15 20:08:16 Updated AUTH on 'mail@mail.com'
2025/07/15 20:08:30 Connected to './db/database.db'
2025/07/15 20:08:43 Connected to './db/database.db'
2025/07/15 20:09:29 Connected to './db/database.db'
2025/07/15 20:11:44 Connected to './db/database.db'
2025/07/15 20:12:37 Connected to './db/database.db'
2025/07/15 20:12:37 Connected to './db/database.db'
2025/07/15 20:12:37 Connected to './db/database.db'
2025/07/15 20:12:37 Removed AUTH token on 'normananton03@gmail.com'
2025/07/15 20:12:50 Connected to './db/database.db'
2025/07/15 20:12:50 Connected to './db/database.db'
2025/07/15 20:12:50 Connected to './db/database.db'
2025/07/15 20:12:50 Removed AUTH token on 'mail@mail.com'
2025/07/15 20:12:54 Connected to './db/database.db'
2025/07/15 20:12:54 User not found(GetUserWithAuthToken)
